Arguments: 
  C:\Program Files\nodejs\node.exe C:\Users\Marcos Wilson\AppData\Roaming\npm\node_modules\yarn\bin\yarn.js add .

PATH: 
  C:\Program Files\Git\mingw64\bin;C:\Program Files\Git\usr\bin;C:\Users\Marcos Wilson\bin;C:\WINDOWS\system32;C:\WINDOWS;C:\WINDOWS\System32\Wbem;C:\WINDOWS\System32\WindowsPowerShell\v1.0;C:\wamp64\bin\php\php7.0.10;C:\ProgramData\ComposerSetup\bin;C:\Program Files\Calibre2;C:\Program Files\nodejs;C:\oraclexe\app\oracle\product\11.2.0\server\bin;C:\Users\Marcos Wilson\AppData\Local\Android\Sdk\tools;C:\Users\Marcos Wilson\AppData\Local\Android\Sdk\platform-tools;C:\Program Files\Genymobile\Genymotion\tools;C:\WINDOWS\System32\OpenSSH;C:\Program Files (x86)\Microsoft VS Code\bin;C:\Program Files (x86)\Microsoft VS Code\bin;C:\Users\Marcos Wilson\AppData\Local\Microsoft\WindowsApps;C:\Users\Marcos Wilson\AppData\Roaming\Composer\vendor\bin;C:\Users\Marcos Wilson\AppData\Roaming\npm

Yarn version: 
  1.5.1

Node version: 
  8.11.1

Platform: 
  win32 x64

npm manifest: 
  No manifest

yarn manifest: 
  No manifest

Lockfile: 
  No lockfile

Trace: 
  Error: Received malformed response from registry for undefined. The registry may be down.
      at new MessageError (C:\Users\Marcos Wilson\AppData\Roaming\npm\node_modules\yarn\lib\cli.js:186:110)
      at Function.<anonymous> (C:\Users\Marcos Wilson\AppData\Roaming\npm\node_modules\yarn\lib\cli.js:51419:15)
      at Generator.next (<anonymous>)
      at step (C:\Users\Marcos Wilson\AppData\Roaming\npm\node_modules\yarn\lib\cli.js:98:30)
      at C:\Users\Marcos Wilson\AppData\Roaming\npm\node_modules\yarn\lib\cli.js:116:14
      at new Promise (<anonymous>)
      at new F (C:\Users\Marcos Wilson\AppData\Roaming\npm\node_modules\yarn\lib\cli.js:23451:28)
      at Function.<anonymous> (C:\Users\Marcos Wilson\AppData\Roaming\npm\node_modules\yarn\lib\cli.js:95:12)
      at Function.findVersionInRegistryResponse (C:\Users\Marcos Wilson\AppData\Roaming\npm\node_modules\yarn\lib\cli.js:51461:19)
      at NpmResolver.<anonymous> (C:\Users\Marcos Wilson\AppData\Roaming\npm\node_modules\yarn\lib\cli.js:51479:28)
